The system is: Darwin - 22.1.0 - arm64
Compiling the C compiler identification source file "CMakeCCompilerId.c" succeeded.
Compiler: /usr/bin/clang 
Build flags: 
Id flags:  

The output was:
0


Compilation of the C compiler identification source "CMakeCCompilerId.c" produced "a.out"

The C compiler identification is AppleClang, found in "/Users/phamtrung/Desktop/Code/Mpboot1/mpboot/CMakeFiles/3.25.1/CompilerIdC/a.out"

Compiling the CXX compiler identification source file "CMakeCXXCompilerId.cpp" succeeded.
Compiler: /usr/bin/clang++ 
Build flags: 
Id flags:  

The output was:
0


Compilation of the CXX compiler identification source "CMakeCXXCompilerId.cpp" produced "a.out"

The CXX compiler identification is AppleClang, found in "/Users/phamtrung/Desktop/Code/Mpboot1/mpboot/CMakeFiles/3.25.1/CompilerIdCXX/a.out"

Detecting C compiler ABI info compiled with the following output:
Change Dir: /Users/phamtrung/Desktop/Code/Mpboot1/mpboot/CMakeFiles/CMakeScratch/TryCompile-nPhiuB

Run Build Command(s):/usr/bin/make -f Makefile cmTC_c613c/fast && /Library/Developer/CommandLineTools/usr/bin/make  -f CMakeFiles/cmTC_c613c.dir/build.make CMakeFiles/cmTC_c613c.dir/build
Building C object CMakeFiles/cmTC_c613c.dir/CMakeCCompilerABI.c.o
/usr/bin/clang   -arch arm64 -isysroot /Library/Developer/CommandLineTools/SDKs/MacOSX13.1.sdk -mmacosx-version-min=13.0   -v -Wl,-v -MD -MT CMakeFiles/cmTC_c613c.dir/CMakeCCompilerABI.c.o -MF CMakeFiles/cmTC_c613c.dir/CMakeCCompilerABI.c.o.d -o CMakeFiles/cmTC_c613c.dir/CMakeCCompilerABI.c.o -c /opt/homebrew/Cellar/cmake/3.25.1/share/cmake/Modules/CMakeCCompilerABI.c
Apple clang version 14.0.0 (clang-1400.0.29.202)
Target: arm64-apple-darwin22.1.0
Thread model: posix
InstalledDir: /Library/Developer/CommandLineTools/usr/bin
clang: warning: -Wl,-v: 'linker' input unused [-Wunused-command-line-argument]
 "/Library/Developer/CommandLineTools/usr/bin/clang" -cc1 -triple arm64-apple-macosx13.0.0 -Wundef-prefix=TARGET_OS_ -Wdeprecated-objc-isa-usage -Werror=deprecated-objc-isa-usage -Werror=implicit-function-declaration -emit-obj -mrelax-all --mrelax-relocations -disable-free -clear-ast-before-backend -disable-llvm-verifier -discard-value-names -main-file-name CMakeCCompilerABI.c -mrelocation-model pic -pic-level 2 -mframe-pointer=non-leaf -fno-strict-return -fno-rounding-math -funwind-tables=2 -fobjc-msgsend-selector-stubs -target-sdk-version=13.1 -fvisibility-inlines-hidden-static-local-var -target-cpu apple-m1 -target-feature +v8.5a -target-feature +fp-armv8 -target-feature +neon -target-feature +crc -target-feature +crypto -target-feature +dotprod -target-feature +fp16fml -target-feature +ras -target-feature +lse -target-feature +rdm -target-feature +rcpc -target-feature +zcm -target-feature +zcz -target-feature +fullfp16 -target-feature +sm4 -target-feature +sha3 -target-feature +sha2 -target-feature +aes -target-abi darwinpcs -fallow-half-arguments-and-returns -debugger-tuning=lldb -target-linker-version 820.1 -v -resource-dir /Library/Developer/CommandLineTools/usr/lib/clang/14.0.0 -dependency-file CMakeFiles/cmTC_c613c.dir/CMakeCCompilerABI.c.o.d -skip-unused-modulemap-deps -MT CMakeFiles/cmTC_c613c.dir/CMakeCCompilerABI.c.o -sys-header-deps -isysroot /Library/Developer/CommandLineTools/SDKs/MacOSX13.1.sdk -internal-isystem /Library/Developer/CommandLineTools/SDKs/MacOSX13.1.sdk/usr/local/include -internal-isystem /Library/Developer/CommandLineTools/usr/lib/clang/14.0.0/include -internal-externc-isystem /Library/Developer/CommandLineTools/SDKs/MacOSX13.1.sdk/usr/include -internal-externc-isystem /Library/Developer/CommandLineTools/usr/include -Wno-reorder-init-list -Wno-implicit-int-float-conversion -Wno-c99-designator -Wno-final-dtor-non-final-class -Wno-extra-semi-stmt -Wno-misleading-indentation -Wno-quoted-include-in-framework-header -Wno-implicit-fallthrough -Wno-enum-enum-conversion -Wno-enum-float-conversion -Wno-elaborated-enum-base -Wno-reserved-identifier -Wno-gnu-folding-constant -Wno-cast-function-type -Wno-bitwise-instead-of-logical -fdebug-compilation-dir=/Users/phamtrung/Desktop/Code/Mpboot1/mpboot/CMakeFiles/CMakeScratch/TryCompile-nPhiuB -ferror-limit 19 -stack-protector 1 -fstack-check -mdarwin-stkchk-strong-link -fblocks -fencode-extended-block-signature -fregister-global-dtors-with-atexit -fgnuc-version=4.2.1 -fmax-type-align=16 -fcommon -clang-vendor-feature=+messageToSelfInClassMethodIdReturnType -clang-vendor-feature=+disableInferNewAvailabilityFromInit -clang-vendor-feature=+disableNonDependentMemberExprInCurrentInstantiation -fno-odr-hash-protocols -clang-vendor-feature=+enableAggressiveVLAFolding -clang-vendor-feature=+revert09abecef7bbf -clang-vendor-feature=+thisNoAlignAttr -clang-vendor-feature=+thisNoNullAttr -mllvm -disable-aligned-alloc-awareness=1 -D__GCC_HAVE_DWARF2_CFI_ASM=1 -o CMakeFiles/cmTC_c613c.dir/CMakeCCompilerABI.c.o -x c /opt/homebrew/Cellar/cmake/3.25.1/share/cmake/Modules/CMakeCCompilerABI.c
clang -cc1 version 14.0.0 (clang-1400.0.29.202) default target arm64-apple-darwin22.1.0
ignoring nonexistent directory "/Library/Developer/CommandLineTools/SDKs/MacOSX13.1.sdk/usr/local/include"
ignoring nonexistent directory "/Library/Developer/CommandLineTools/SDKs/MacOSX13.1.sdk/Library/Frameworks"
#include "..." search starts here:
#include <...> search starts here:
 /Library/Developer/CommandLineTools/usr/lib/clang/14.0.0/include
 /Library/Developer/CommandLineTools/SDKs/MacOSX13.1.sdk/usr/include
 /Library/Developer/CommandLineTools/usr/include
 /Library/Developer/CommandLineTools/SDKs/MacOSX13.1.sdk/System/Library/Frameworks (framework directory)
End of search list.
Linking C executable cmTC_c613c
/opt/homebrew/Cellar/cmake/3.25.1/bin/cmake -E cmake_link_script CMakeFiles/cmTC_c613c.dir/link.txt --verbose=1
/usr/bin/clang  -arch arm64 -isysroot /Library/Developer/CommandLineTools/SDKs/MacOSX13.1.sdk -mmacosx-version-min=13.0 -Wl,-search_paths_first -Wl,-headerpad_max_install_names  -v -Wl,-v CMakeFiles/cmTC_c613c.dir/CMakeCCompilerABI.c.o -o cmTC_c613c 
Apple clang version 14.0.0 (clang-1400.0.29.202)
Target: arm64-apple-darwin22.1.0
Thread model: posix
InstalledDir: /Library/Developer/CommandLineTools/usr/bin
 "/Library/Developer/CommandLineTools/usr/bin/ld" -demangle -lto_library /Library/Developer/CommandLineTools/usr/lib/libLTO.dylib -dynamic -arch arm64 -platform_version macos 13.0.0 13.1 -syslibroot /Library/Developer/CommandLineTools/SDKs/MacOSX13.1.sdk -o cmTC_c613c -search_paths_first -headerpad_max_install_names -v CMakeFiles/cmTC_c613c.dir/CMakeCCompilerABI.c.o -lSystem /Library/Developer/CommandLineTools/usr/lib/clang/14.0.0/lib/darwin/libclang_rt.osx.a
@(#)PROGRAM:ld  PROJECT:ld64-820.1
BUILD 20:07:05 Nov  7 2022
configured to support archs: armv6 armv7 armv7s arm64 arm64e arm64_32 i386 x86_64 x86_64h armv6m armv7k armv7m armv7em
Library search paths:
	/Library/Developer/CommandLineTools/SDKs/MacOSX13.1.sdk/usr/lib
Framework search paths:
	/Library/Developer/CommandLineTools/SDKs/MacOSX13.1.sdk/System/Library/Frameworks/



Parsed C implicit include dir info from above output: rv=done
  found start of include info
  found start of implicit include info
    add: [/Library/Developer/CommandLineTools/usr/lib/clang/14.0.0/include]
    add: [/Library/Developer/CommandLineTools/SDKs/MacOSX13.1.sdk/usr/include]
    add: [/Library/Developer/CommandLineTools/usr/include]
  end of search list found
  collapse include dir [/Library/Developer/CommandLineTools/usr/lib/clang/14.0.0/include] ==> [/Library/Developer/CommandLineTools/usr/lib/clang/14.0.0/include]
  collapse include dir [/Library/Developer/CommandLineTools/SDKs/MacOSX13.1.sdk/usr/include] ==> [/Library/Developer/CommandLineTools/SDKs/MacOSX13.1.sdk/usr/include]
  collapse include dir [/Library/Developer/CommandLineTools/usr/include] ==> [/Library/Developer/CommandLineTools/usr/include]
  implicit include dirs: [/Library/Developer/CommandLineTools/usr/lib/clang/14.0.0/include;/Library/Developer/CommandLineTools/SDKs/MacOSX13.1.sdk/usr/include;/Library/Developer/CommandLineTools/usr/include]


Parsed C implicit link information from above output:
  link line regex: [^( *|.*[/\])(ld|CMAKE_LINK_STARTFILE-NOTFOUND|([^/\]+-)?ld|collect2)[^/\]*( |$)]
  ignore line: [Change Dir: /Users/phamtrung/Desktop/Code/Mpboot1/mpboot/CMakeFiles/CMakeScratch/TryCompile-nPhiuB]
  ignore line: []
  ignore line: [Run Build Command(s):/usr/bin/make -f Makefile cmTC_c613c/fast && /Library/Developer/CommandLineTools/usr/bin/make  -f CMakeFiles/cmTC_c613c.dir/build.make CMakeFiles/cmTC_c613c.dir/build]
  ignore line: [Building C object CMakeFiles/cmTC_c613c.dir/CMakeCCompilerABI.c.o]
  ignore line: [/usr/bin/clang   -arch arm64 -isysroot /Library/Developer/CommandLineTools/SDKs/MacOSX13.1.sdk -mmacosx-version-min=13.0   -v -Wl -v -MD -MT CMakeFiles/cmTC_c613c.dir/CMakeCCompilerABI.c.o -MF CMakeFiles/cmTC_c613c.dir/CMakeCCompilerABI.c.o.d -o CMakeFiles/cmTC_c613c.dir/CMakeCCompilerABI.c.o -c /opt/homebrew/Cellar/cmake/3.25.1/share/cmake/Modules/CMakeCCompilerABI.c]
  ignore line: [Apple clang version 14.0.0 (clang-1400.0.29.202)]
  ignore line: [Target: arm64-apple-darwin22.1.0]
  ignore line: [Thread model: posix]
  ignore line: [InstalledDir: /Library/Developer/CommandLineTools/usr/bin]
  ignore line: [clang: warning: -Wl -v: 'linker' input unused [-Wunused-command-line-argument]]
  ignore line: [ "/Library/Developer/CommandLineTools/usr/bin/clang" -cc1 -triple arm64-apple-macosx13.0.0 -Wundef-prefix=TARGET_OS_ -Wdeprecated-objc-isa-usage -Werror=deprecated-objc-isa-usage -Werror=implicit-function-declaration -emit-obj -mrelax-all --mrelax-relocations -disable-free -clear-ast-before-backend -disable-llvm-verifier -discard-value-names -main-file-name CMakeCCompilerABI.c -mrelocation-model pic -pic-level 2 -mframe-pointer=non-leaf -fno-strict-return -fno-rounding-math -funwind-tables=2 -fobjc-msgsend-selector-stubs -target-sdk-version=13.1 -fvisibility-inlines-hidden-static-local-var -target-cpu apple-m1 -target-feature +v8.5a -target-feature +fp-armv8 -target-feature +neon -target-feature +crc -target-feature +crypto -target-feature +dotprod -target-feature +fp16fml -target-feature +ras -target-feature +lse -target-feature +rdm -target-feature +rcpc -target-feature +zcm -target-feature +zcz -target-feature +fullfp16 -target-feature +sm4 -target-feature +sha3 -target-feature +sha2 -target-feature +aes -target-abi darwinpcs -fallow-half-arguments-and-returns -debugger-tuning=lldb -target-linker-version 820.1 -v -resource-dir /Library/Developer/CommandLineTools/usr/lib/clang/14.0.0 -dependency-file CMakeFiles/cmTC_c613c.dir/CMakeCCompilerABI.c.o.d -skip-unused-modulemap-deps -MT CMakeFiles/cmTC_c613c.dir/CMakeCCompilerABI.c.o -sys-header-deps -isysroot /Library/Developer/CommandLineTools/SDKs/MacOSX13.1.sdk -internal-isystem /Library/Developer/CommandLineTools/SDKs/MacOSX13.1.sdk/usr/local/include -internal-isystem /Library/Developer/CommandLineTools/usr/lib/clang/14.0.0/include -internal-externc-isystem /Library/Developer/CommandLineTools/SDKs/MacOSX13.1.sdk/usr/include -internal-externc-isystem /Library/Developer/CommandLineTools/usr/include -Wno-reorder-init-list -Wno-implicit-int-float-conversion -Wno-c99-designator -Wno-final-dtor-non-final-class -Wno-extra-semi-stmt -Wno-misleading-indentation -Wno-quoted-include-in-framework-header -Wno-implicit-fallthrough -Wno-enum-enum-conversion -Wno-enum-float-conversion -Wno-elaborated-enum-base -Wno-reserved-identifier -Wno-gnu-folding-constant -Wno-cast-function-type -Wno-bitwise-instead-of-logical -fdebug-compilation-dir=/Users/phamtrung/Desktop/Code/Mpboot1/mpboot/CMakeFiles/CMakeScratch/TryCompile-nPhiuB -ferror-limit 19 -stack-protector 1 -fstack-check -mdarwin-stkchk-strong-link -fblocks -fencode-extended-block-signature -fregister-global-dtors-with-atexit -fgnuc-version=4.2.1 -fmax-type-align=16 -fcommon -clang-vendor-feature=+messageToSelfInClassMethodIdReturnType -clang-vendor-feature=+disableInferNewAvailabilityFromInit -clang-vendor-feature=+disableNonDependentMemberExprInCurrentInstantiation -fno-odr-hash-protocols -clang-vendor-feature=+enableAggressiveVLAFolding -clang-vendor-feature=+revert09abecef7bbf -clang-vendor-feature=+thisNoAlignAttr -clang-vendor-feature=+thisNoNullAttr -mllvm -disable-aligned-alloc-awareness=1 -D__GCC_HAVE_DWARF2_CFI_ASM=1 -o CMakeFiles/cmTC_c613c.dir/CMakeCCompilerABI.c.o -x c /opt/homebrew/Cellar/cmake/3.25.1/share/cmake/Modules/CMakeCCompilerABI.c]
  ignore line: [clang -cc1 version 14.0.0 (clang-1400.0.29.202) default target arm64-apple-darwin22.1.0]
  ignore line: [ignoring nonexistent directory "/Library/Developer/CommandLineTools/SDKs/MacOSX13.1.sdk/usr/local/include"]
  ignore line: [ignoring nonexistent directory "/Library/Developer/CommandLineTools/SDKs/MacOSX13.1.sdk/Library/Frameworks"]
  ignore line: [#include "..." search starts here:]
  ignore line: [#include <...> search starts here:]
  ignore line: [ /Library/Developer/CommandLineTools/usr/lib/clang/14.0.0/include]
  ignore line: [ /Library/Developer/CommandLineTools/SDKs/MacOSX13.1.sdk/usr/include]
  ignore line: [ /Library/Developer/CommandLineTools/usr/include]
  ignore line: [ /Library/Developer/CommandLineTools/SDKs/MacOSX13.1.sdk/System/Library/Frameworks (framework directory)]
  ignore line: [End of search list.]
  ignore line: [Linking C executable cmTC_c613c]
  ignore line: [/opt/homebrew/Cellar/cmake/3.25.1/bin/cmake -E cmake_link_script CMakeFiles/cmTC_c613c.dir/link.txt --verbose=1]
  ignore line: [/usr/bin/clang  -arch arm64 -isysroot /Library/Developer/CommandLineTools/SDKs/MacOSX13.1.sdk -mmacosx-version-min=13.0 -Wl -search_paths_first -Wl -headerpad_max_install_names  -v -Wl -v CMakeFiles/cmTC_c613c.dir/CMakeCCompilerABI.c.o -o cmTC_c613c ]
  ignore line: [Apple clang version 14.0.0 (clang-1400.0.29.202)]
  ignore line: [Target: arm64-apple-darwin22.1.0]
  ignore line: [Thread model: posix]
  ignore line: [InstalledDir: /Library/Developer/CommandLineTools/usr/bin]
  link line: [ "/Library/Developer/CommandLineTools/usr/bin/ld" -demangle -lto_library /Library/Developer/CommandLineTools/usr/lib/libLTO.dylib -dynamic -arch arm64 -platform_version macos 13.0.0 13.1 -syslibroot /Library/Developer/CommandLineTools/SDKs/MacOSX13.1.sdk -o cmTC_c613c -search_paths_first -headerpad_max_install_names -v CMakeFiles/cmTC_c613c.dir/CMakeCCompilerABI.c.o -lSystem /Library/Developer/CommandLineTools/usr/lib/clang/14.0.0/lib/darwin/libclang_rt.osx.a]
    arg [/Library/Developer/CommandLineTools/usr/bin/ld] ==> ignore
    arg [-demangle] ==> ignore
    arg [-lto_library] ==> ignore, skip following value
    arg [/Library/Developer/CommandLineTools/usr/lib/libLTO.dylib] ==> skip value of -lto_library
    arg [-dynamic] ==> ignore
    arg [-arch] ==> ignore
    arg [arm64] ==> ignore
    arg [-platform_version] ==> ignore
    arg [macos] ==> ignore
    arg [13.0.0] ==> ignore
    arg [13.1] ==> ignore
    arg [-syslibroot] ==> ignore
    arg [/Library/Developer/CommandLineTools/SDKs/MacOSX13.1.sdk] ==> ignore
    arg [-o] ==> ignore
    arg [cmTC_c613c] ==> ignore
    arg [-search_paths_first] ==> ignore
    arg [-headerpad_max_install_names] ==> ignore
    arg [-v] ==> ignore
    arg [CMakeFiles/cmTC_c613c.dir/CMakeCCompilerABI.c.o] ==> ignore
    arg [-lSystem] ==> lib [System]
    arg [/Library/Developer/CommandLineTools/usr/lib/clang/14.0.0/lib/darwin/libclang_rt.osx.a] ==> lib [/Library/Developer/CommandLineTools/usr/lib/clang/14.0.0/lib/darwin/libclang_rt.osx.a]
  Library search paths: [;/Library/Developer/CommandLineTools/SDKs/MacOSX13.1.sdk/usr/lib]
  Framework search paths: [;/Library/Developer/CommandLineTools/SDKs/MacOSX13.1.sdk/System/Library/Frameworks/]
  remove lib [System]
  remove lib [/Library/Developer/CommandLineTools/usr/lib/clang/14.0.0/lib/darwin/libclang_rt.osx.a]
  collapse library dir [/Library/Developer/CommandLineTools/SDKs/MacOSX13.1.sdk/usr/lib] ==> [/Library/Developer/CommandLineTools/SDKs/MacOSX13.1.sdk/usr/lib]
  collapse framework dir [/Library/Developer/CommandLineTools/SDKs/MacOSX13.1.sdk/System/Library/Frameworks/] ==> [/Library/Developer/CommandLineTools/SDKs/MacOSX13.1.sdk/System/Library/Frameworks]
  implicit libs: []
  implicit objs: []
  implicit dirs: [/Library/Developer/CommandLineTools/SDKs/MacOSX13.1.sdk/usr/lib]
  implicit fwks: [/Library/Developer/CommandLineTools/SDKs/MacOSX13.1.sdk/System/Library/Frameworks]


Detecting CXX compiler ABI info compiled with the following output:
Change Dir: /Users/phamtrung/Desktop/Code/Mpboot1/mpboot/CMakeFiles/CMakeScratch/TryCompile-0qt5Fa

Run Build Command(s):/usr/bin/make -f Makefile cmTC_1fd4e/fast && /Library/Developer/CommandLineTools/usr/bin/make  -f CMakeFiles/cmTC_1fd4e.dir/build.make CMakeFiles/cmTC_1fd4e.dir/build
Building CXX object CMakeFiles/cmTC_1fd4e.dir/CMakeCXXCompilerABI.cpp.o
/usr/bin/clang++   -arch arm64 -isysroot /Library/Developer/CommandLineTools/SDKs/MacOSX13.1.sdk -mmacosx-version-min=13.0   -v -Wl,-v -MD -MT CMakeFiles/cmTC_1fd4e.dir/CMakeCXXCompilerABI.cpp.o -MF CMakeFiles/cmTC_1fd4e.dir/CMakeCXXCompilerABI.cpp.o.d -o CMakeFiles/cmTC_1fd4e.dir/CMakeCXXCompilerABI.cpp.o -c /opt/homebrew/Cellar/cmake/3.25.1/share/cmake/Modules/CMakeCXXCompilerABI.cpp
Apple clang version 14.0.0 (clang-1400.0.29.202)
Target: arm64-apple-darwin22.1.0
Thread model: posix
InstalledDir: /Library/Developer/CommandLineTools/usr/bin
clang: warning: -Wl,-v: 'linker' input unused [-Wunused-command-line-argument]
 "/Library/Developer/CommandLineTools/usr/bin/clang" -cc1 -triple arm64-apple-macosx13.0.0 -Wundef-prefix=TARGET_OS_ -Wdeprecated-objc-isa-usage -Werror=deprecated-objc-isa-usage -Werror=implicit-function-declaration -emit-obj -mrelax-all --mrelax-relocations -disable-free -clear-ast-before-backend -disable-llvm-verifier -discard-value-names -main-file-name CMakeCXXCompilerABI.cpp -mrelocation-model pic -pic-level 2 -mframe-pointer=non-leaf -fno-strict-return -fno-rounding-math -funwind-tables=2 -fobjc-msgsend-selector-stubs -target-sdk-version=13.1 -fvisibility-inlines-hidden-static-local-var -target-cpu apple-m1 -target-feature +v8.5a -target-feature +fp-armv8 -target-feature +neon -target-feature +crc -target-feature +crypto -target-feature +dotprod -target-feature +fp16fml -target-feature +ras -target-feature +lse -target-feature +rdm -target-feature +rcpc -target-feature +zcm -target-feature +zcz -target-feature +fullfp16 -target-feature +sm4 -target-feature +sha3 -target-feature +sha2 -target-feature +aes -target-abi darwinpcs -fallow-half-arguments-and-returns -debugger-tuning=lldb -target-linker-version 820.1 -v -resource-dir /Library/Developer/CommandLineTools/usr/lib/clang/14.0.0 -dependency-file CMakeFiles/cmTC_1fd4e.dir/CMakeCXXCompilerABI.cpp.o.d -skip-unused-modulemap-deps -MT CMakeFiles/cmTC_1fd4e.dir/CMakeCXXCompilerABI.cpp.o -sys-header-deps -isysroot /Library/Developer/CommandLineTools/SDKs/MacOSX13.1.sdk -stdlib=libc++ -internal-isystem /Library/Developer/CommandLineTools/SDKs/MacOSX13.1.sdk/usr/include/c++/v1 -internal-isystem /Library/Developer/CommandLineTools/SDKs/MacOSX13.1.sdk/usr/local/include -internal-isystem /Library/Developer/CommandLineTools/usr/lib/clang/14.0.0/include -internal-externc-isystem /Library/Developer/CommandLineTools/SDKs/MacOSX13.1.sdk/usr/include -internal-externc-isystem /Library/Developer/CommandLineTools/usr/include -Wno-reorder-init-list -Wno-implicit-int-float-conversion -Wno-c99-designator -Wno-final-dtor-non-final-class -Wno-extra-semi-stmt -Wno-misleading-indentation -Wno-quoted-include-in-framework-header -Wno-implicit-fallthrough -Wno-enum-enum-conversion -Wno-enum-float-conversion -Wno-elaborated-enum-base -Wno-reserved-identifier -Wno-gnu-folding-constant -Wno-cast-function-type -Wno-bitwise-instead-of-logical -fdeprecated-macro -fdebug-compilation-dir=/Users/phamtrung/Desktop/Code/Mpboot1/mpboot/CMakeFiles/CMakeScratch/TryCompile-0qt5Fa -ferror-limit 19 -stack-protector 1 -fstack-check -mdarwin-stkchk-strong-link -fblocks -fencode-extended-block-signature -fregister-global-dtors-with-atexit -fgnuc-version=4.2.1 -fno-cxx-modules -fcxx-exceptions -fexceptions -fmax-type-align=16 -fcommon -clang-vendor-feature=+messageToSelfInClassMethodIdReturnType -clang-vendor-feature=+disableInferNewAvailabilityFromInit -clang-vendor-feature=+disableNonDependentMemberExprInCurrentInstantiation -fno-odr-hash-protocols -clang-vendor-feature=+enableAggressiveVLAFolding -clang-vendor-feature=+revert09abecef7bbf -clang-vendor-feature=+thisNoAlignAttr -clang-vendor-feature=+thisNoNullAttr -mllvm -disable-aligned-alloc-awareness=1 -D__GCC_HAVE_DWARF2_CFI_ASM=1 -o CMakeFiles/cmTC_1fd4e.dir/CMakeCXXCompilerABI.cpp.o -x c++ /opt/homebrew/Cellar/cmake/3.25.1/share/cmake/Modules/CMakeCXXCompilerABI.cpp
clang -cc1 version 14.0.0 (clang-1400.0.29.202) default target arm64-apple-darwin22.1.0
ignoring nonexistent directory "/Library/Developer/CommandLineTools/SDKs/MacOSX13.1.sdk/usr/local/include"
ignoring nonexistent directory "/Library/Developer/CommandLineTools/SDKs/MacOSX13.1.sdk/Library/Frameworks"
#include "..." search starts here:
#include <...> search starts here:
 /Library/Developer/CommandLineTools/SDKs/MacOSX13.1.sdk/usr/include/c++/v1
 /Library/Developer/CommandLineTools/usr/lib/clang/14.0.0/include
 /Library/Developer/CommandLineTools/SDKs/MacOSX13.1.sdk/usr/include
 /Library/Developer/CommandLineTools/usr/include
 /Library/Developer/CommandLineTools/SDKs/MacOSX13.1.sdk/System/Library/Frameworks (framework directory)
End of search list.
Linking CXX executable cmTC_1fd4e
/opt/homebrew/Cellar/cmake/3.25.1/bin/cmake -E cmake_link_script CMakeFiles/cmTC_1fd4e.dir/link.txt --verbose=1
/usr/bin/clang++  -arch arm64 -isysroot /Library/Developer/CommandLineTools/SDKs/MacOSX13.1.sdk -mmacosx-version-min=13.0 -Wl,-search_paths_first -Wl,-headerpad_max_install_names  -v -Wl,-v CMakeFiles/cmTC_1fd4e.dir/CMakeCXXCompilerABI.cpp.o -o cmTC_1fd4e 
Apple clang version 14.0.0 (clang-1400.0.29.202)
Target: arm64-apple-darwin22.1.0
Thread model: posix
InstalledDir: /Library/Developer/CommandLineTools/usr/bin
 "/Library/Developer/CommandLineTools/usr/bin/ld" -demangle -lto_library /Library/Developer/CommandLineTools/usr/lib/libLTO.dylib -dynamic -arch arm64 -platform_version macos 13.0.0 13.1 -syslibroot /Library/Developer/CommandLineTools/SDKs/MacOSX13.1.sdk -o cmTC_1fd4e -search_paths_first -headerpad_max_install_names -v CMakeFiles/cmTC_1fd4e.dir/CMakeCXXCompilerABI.cpp.o -lc++ -lSystem /Library/Developer/CommandLineTools/usr/lib/clang/14.0.0/lib/darwin/libclang_rt.osx.a
@(#)PROGRAM:ld  PROJECT:ld64-820.1
BUILD 20:07:05 Nov  7 2022
configured to support archs: armv6 armv7 armv7s arm64 arm64e arm64_32 i386 x86_64 x86_64h armv6m armv7k armv7m armv7em
Library search paths:
	/Library/Developer/CommandLineTools/SDKs/MacOSX13.1.sdk/usr/lib
Framework search paths:
	/Library/Developer/CommandLineTools/SDKs/MacOSX13.1.sdk/System/Library/Frameworks/



Parsed CXX implicit include dir info from above output: rv=done
  found start of include info
  found start of implicit include info
    add: [/Library/Developer/CommandLineTools/SDKs/MacOSX13.1.sdk/usr/include/c++/v1]
    add: [/Library/Developer/CommandLineTools/usr/lib/clang/14.0.0/include]
    add: [/Library/Developer/CommandLineTools/SDKs/MacOSX13.1.sdk/usr/include]
    add: [/Library/Developer/CommandLineTools/usr/include]
  end of search list found
  collapse include dir [/Library/Developer/CommandLineTools/SDKs/MacOSX13.1.sdk/usr/include/c++/v1] ==> [/Library/Developer/CommandLineTools/SDKs/MacOSX13.1.sdk/usr/include/c++/v1]
  collapse include dir [/Library/Developer/CommandLineTools/usr/lib/clang/14.0.0/include] ==> [/Library/Developer/CommandLineTools/usr/lib/clang/14.0.0/include]
  collapse include dir [/Library/Developer/CommandLineTools/SDKs/MacOSX13.1.sdk/usr/include] ==> [/Library/Developer/CommandLineTools/SDKs/MacOSX13.1.sdk/usr/include]
  collapse include dir [/Library/Developer/CommandLineTools/usr/include] ==> [/Library/Developer/CommandLineTools/usr/include]
  implicit include dirs: [/Library/Developer/CommandLineTools/SDKs/MacOSX13.1.sdk/usr/include/c++/v1;/Library/Developer/CommandLineTools/usr/lib/clang/14.0.0/include;/Library/Developer/CommandLineTools/SDKs/MacOSX13.1.sdk/usr/include;/Library/Developer/CommandLineTools/usr/include]


Parsed CXX implicit link information from above output:
  link line regex: [^( *|.*[/\])(ld|CMAKE_LINK_STARTFILE-NOTFOUND|([^/\]+-)?ld|collect2)[^/\]*( |$)]
  ignore line: [Change Dir: /Users/phamtrung/Desktop/Code/Mpboot1/mpboot/CMakeFiles/CMakeScratch/TryCompile-0qt5Fa]
  ignore line: []
  ignore line: [Run Build Command(s):/usr/bin/make -f Makefile cmTC_1fd4e/fast && /Library/Developer/CommandLineTools/usr/bin/make  -f CMakeFiles/cmTC_1fd4e.dir/build.make CMakeFiles/cmTC_1fd4e.dir/build]
  ignore line: [Building CXX object CMakeFiles/cmTC_1fd4e.dir/CMakeCXXCompilerABI.cpp.o]
  ignore line: [/usr/bin/clang++   -arch arm64 -isysroot /Library/Developer/CommandLineTools/SDKs/MacOSX13.1.sdk -mmacosx-version-min=13.0   -v -Wl -v -MD -MT CMakeFiles/cmTC_1fd4e.dir/CMakeCXXCompilerABI.cpp.o -MF CMakeFiles/cmTC_1fd4e.dir/CMakeCXXCompilerABI.cpp.o.d -o CMakeFiles/cmTC_1fd4e.dir/CMakeCXXCompilerABI.cpp.o -c /opt/homebrew/Cellar/cmake/3.25.1/share/cmake/Modules/CMakeCXXCompilerABI.cpp]
  ignore line: [Apple clang version 14.0.0 (clang-1400.0.29.202)]
  ignore line: [Target: arm64-apple-darwin22.1.0]
  ignore line: [Thread model: posix]
  ignore line: [InstalledDir: /Library/Developer/CommandLineTools/usr/bin]
  ignore line: [clang: warning: -Wl -v: 'linker' input unused [-Wunused-command-line-argument]]
  ignore line: [ "/Library/Developer/CommandLineTools/usr/bin/clang" -cc1 -triple arm64-apple-macosx13.0.0 -Wundef-prefix=TARGET_OS_ -Wdeprecated-objc-isa-usage -Werror=deprecated-objc-isa-usage -Werror=implicit-function-declaration -emit-obj -mrelax-all --mrelax-relocations -disable-free -clear-ast-before-backend -disable-llvm-verifier -discard-value-names -main-file-name CMakeCXXCompilerABI.cpp -mrelocation-model pic -pic-level 2 -mframe-pointer=non-leaf -fno-strict-return -fno-rounding-math -funwind-tables=2 -fobjc-msgsend-selector-stubs -target-sdk-version=13.1 -fvisibility-inlines-hidden-static-local-var -target-cpu apple-m1 -target-feature +v8.5a -target-feature +fp-armv8 -target-feature +neon -target-feature +crc -target-feature +crypto -target-feature +dotprod -target-feature +fp16fml -target-feature +ras -target-feature +lse -target-feature +rdm -target-feature +rcpc -target-feature +zcm -target-feature +zcz -target-feature +fullfp16 -target-feature +sm4 -target-feature +sha3 -target-feature +sha2 -target-feature +aes -target-abi darwinpcs -fallow-half-arguments-and-returns -debugger-tuning=lldb -target-linker-version 820.1 -v -resource-dir /Library/Developer/CommandLineTools/usr/lib/clang/14.0.0 -dependency-file CMakeFiles/cmTC_1fd4e.dir/CMakeCXXCompilerABI.cpp.o.d -skip-unused-modulemap-deps -MT CMakeFiles/cmTC_1fd4e.dir/CMakeCXXCompilerABI.cpp.o -sys-header-deps -isysroot /Library/Developer/CommandLineTools/SDKs/MacOSX13.1.sdk -stdlib=libc++ -internal-isystem /Library/Developer/CommandLineTools/SDKs/MacOSX13.1.sdk/usr/include/c++/v1 -internal-isystem /Library/Developer/CommandLineTools/SDKs/MacOSX13.1.sdk/usr/local/include -internal-isystem /Library/Developer/CommandLineTools/usr/lib/clang/14.0.0/include -internal-externc-isystem /Library/Developer/CommandLineTools/SDKs/MacOSX13.1.sdk/usr/include -internal-externc-isystem /Library/Developer/CommandLineTools/usr/include -Wno-reorder-init-list -Wno-implicit-int-float-conversion -Wno-c99-designator -Wno-final-dtor-non-final-class -Wno-extra-semi-stmt -Wno-misleading-indentation -Wno-quoted-include-in-framework-header -Wno-implicit-fallthrough -Wno-enum-enum-conversion -Wno-enum-float-conversion -Wno-elaborated-enum-base -Wno-reserved-identifier -Wno-gnu-folding-constant -Wno-cast-function-type -Wno-bitwise-instead-of-logical -fdeprecated-macro -fdebug-compilation-dir=/Users/phamtrung/Desktop/Code/Mpboot1/mpboot/CMakeFiles/CMakeScratch/TryCompile-0qt5Fa -ferror-limit 19 -stack-protector 1 -fstack-check -mdarwin-stkchk-strong-link -fblocks -fencode-extended-block-signature -fregister-global-dtors-with-atexit -fgnuc-version=4.2.1 -fno-cxx-modules -fcxx-exceptions -fexceptions -fmax-type-align=16 -fcommon -clang-vendor-feature=+messageToSelfInClassMethodIdReturnType -clang-vendor-feature=+disableInferNewAvailabilityFromInit -clang-vendor-feature=+disableNonDependentMemberExprInCurrentInstantiation -fno-odr-hash-protocols -clang-vendor-feature=+enableAggressiveVLAFolding -clang-vendor-feature=+revert09abecef7bbf -clang-vendor-feature=+thisNoAlignAttr -clang-vendor-feature=+thisNoNullAttr -mllvm -disable-aligned-alloc-awareness=1 -D__GCC_HAVE_DWARF2_CFI_ASM=1 -o CMakeFiles/cmTC_1fd4e.dir/CMakeCXXCompilerABI.cpp.o -x c++ /opt/homebrew/Cellar/cmake/3.25.1/share/cmake/Modules/CMakeCXXCompilerABI.cpp]
  ignore line: [clang -cc1 version 14.0.0 (clang-1400.0.29.202) default target arm64-apple-darwin22.1.0]
  ignore line: [ignoring nonexistent directory "/Library/Developer/CommandLineTools/SDKs/MacOSX13.1.sdk/usr/local/include"]
  ignore line: [ignoring nonexistent directory "/Library/Developer/CommandLineTools/SDKs/MacOSX13.1.sdk/Library/Frameworks"]
  ignore line: [#include "..." search starts here:]
  ignore line: [#include <...> search starts here:]
  ignore line: [ /Library/Developer/CommandLineTools/SDKs/MacOSX13.1.sdk/usr/include/c++/v1]
  ignore line: [ /Library/Developer/CommandLineTools/usr/lib/clang/14.0.0/include]
  ignore line: [ /Library/Developer/CommandLineTools/SDKs/MacOSX13.1.sdk/usr/include]
  ignore line: [ /Library/Developer/CommandLineTools/usr/include]
  ignore line: [ /Library/Developer/CommandLineTools/SDKs/MacOSX13.1.sdk/System/Library/Frameworks (framework directory)]
  ignore line: [End of search list.]
  ignore line: [Linking CXX executable cmTC_1fd4e]
  ignore line: [/opt/homebrew/Cellar/cmake/3.25.1/bin/cmake -E cmake_link_script CMakeFiles/cmTC_1fd4e.dir/link.txt --verbose=1]
  ignore line: [/usr/bin/clang++  -arch arm64 -isysroot /Library/Developer/CommandLineTools/SDKs/MacOSX13.1.sdk -mmacosx-version-min=13.0 -Wl -search_paths_first -Wl -headerpad_max_install_names  -v -Wl -v CMakeFiles/cmTC_1fd4e.dir/CMakeCXXCompilerABI.cpp.o -o cmTC_1fd4e ]
  ignore line: [Apple clang version 14.0.0 (clang-1400.0.29.202)]
  ignore line: [Target: arm64-apple-darwin22.1.0]
  ignore line: [Thread model: posix]
  ignore line: [InstalledDir: /Library/Developer/CommandLineTools/usr/bin]
  link line: [ "/Library/Developer/CommandLineTools/usr/bin/ld" -demangle -lto_library /Library/Developer/CommandLineTools/usr/lib/libLTO.dylib -dynamic -arch arm64 -platform_version macos 13.0.0 13.1 -syslibroot /Library/Developer/CommandLineTools/SDKs/MacOSX13.1.sdk -o cmTC_1fd4e -search_paths_first -headerpad_max_install_names -v CMakeFiles/cmTC_1fd4e.dir/CMakeCXXCompilerABI.cpp.o -lc++ -lSystem /Library/Developer/CommandLineTools/usr/lib/clang/14.0.0/lib/darwin/libclang_rt.osx.a]
    arg [/Library/Developer/CommandLineTools/usr/bin/ld] ==> ignore
    arg [-demangle] ==> ignore
    arg [-lto_library] ==> ignore, skip following value
    arg [/Library/Developer/CommandLineTools/usr/lib/libLTO.dylib] ==> skip value of -lto_library
    arg [-dynamic] ==> ignore
    arg [-arch] ==> ignore
    arg [arm64] ==> ignore
    arg [-platform_version] ==> ignore
    arg [macos] ==> ignore
    arg [13.0.0] ==> ignore
    arg [13.1] ==> ignore
    arg [-syslibroot] ==> ignore
    arg [/Library/Developer/CommandLineTools/SDKs/MacOSX13.1.sdk] ==> ignore
    arg [-o] ==> ignore
    arg [cmTC_1fd4e] ==> ignore
    arg [-search_paths_first] ==> ignore
    arg [-headerpad_max_install_names] ==> ignore
    arg [-v] ==> ignore
    arg [CMakeFiles/cmTC_1fd4e.dir/CMakeCXXCompilerABI.cpp.o] ==> ignore
    arg [-lc++] ==> lib [c++]
    arg [-lSystem] ==> lib [System]
    arg [/Library/Developer/CommandLineTools/usr/lib/clang/14.0.0/lib/darwin/libclang_rt.osx.a] ==> lib [/Library/Developer/CommandLineTools/usr/lib/clang/14.0.0/lib/darwin/libclang_rt.osx.a]
  Library search paths: [;/Library/Developer/CommandLineTools/SDKs/MacOSX13.1.sdk/usr/lib]
  Framework search paths: [;/Library/Developer/CommandLineTools/SDKs/MacOSX13.1.sdk/System/Library/Frameworks/]
  remove lib [System]
  remove lib [/Library/Developer/CommandLineTools/usr/lib/clang/14.0.0/lib/darwin/libclang_rt.osx.a]
  collapse library dir [/Library/Developer/CommandLineTools/SDKs/MacOSX13.1.sdk/usr/lib] ==> [/Library/Developer/CommandLineTools/SDKs/MacOSX13.1.sdk/usr/lib]
  collapse framework dir [/Library/Developer/CommandLineTools/SDKs/MacOSX13.1.sdk/System/Library/Frameworks/] ==> [/Library/Developer/CommandLineTools/SDKs/MacOSX13.1.sdk/System/Library/Frameworks]
  implicit libs: [c++]
  implicit objs: []
  implicit dirs: [/Library/Developer/CommandLineTools/SDKs/MacOSX13.1.sdk/usr/lib]
  implicit fwks: [/Library/Developer/CommandLineTools/SDKs/MacOSX13.1.sdk/System/Library/Frameworks]


Determining if the function gettimeofday exists passed with the following output:
Change Dir: /Users/phamtrung/Desktop/Code/Mpboot1/mpboot/CMakeFiles/CMakeScratch/TryCompile-2boF9A

Run Build Command(s):/usr/bin/make -f Makefile cmTC_60f38/fast && /Library/Developer/CommandLineTools/usr/bin/make  -f CMakeFiles/cmTC_60f38.dir/build.make CMakeFiles/cmTC_60f38.dir/build
Building C object CMakeFiles/cmTC_60f38.dir/CheckFunctionExists.c.o
/usr/bin/clang   -msse4.1 -DCHECK_FUNCTION_EXISTS=gettimeofday -arch x86_64 -isysroot /Library/Developer/CommandLineTools/SDKs/MacOSX13.1.sdk -mmacosx-version-min=13.0 -MD -MT CMakeFiles/cmTC_60f38.dir/CheckFunctionExists.c.o -MF CMakeFiles/cmTC_60f38.dir/CheckFunctionExists.c.o.d -o CMakeFiles/cmTC_60f38.dir/CheckFunctionExists.c.o -c /Users/phamtrung/Desktop/Code/Mpboot1/mpboot/CMakeFiles/CMakeScratch/TryCompile-2boF9A/CheckFunctionExists.c
Linking C executable cmTC_60f38
/opt/homebrew/Cellar/cmake/3.25.1/bin/cmake -E cmake_link_script CMakeFiles/cmTC_60f38.dir/link.txt --verbose=1
/usr/bin/clang   -msse4.1 -DCHECK_FUNCTION_EXISTS=gettimeofday -arch x86_64 -isysroot /Library/Developer/CommandLineTools/SDKs/MacOSX13.1.sdk -mmacosx-version-min=13.0 -Wl,-search_paths_first -Wl,-headerpad_max_install_names CMakeFiles/cmTC_60f38.dir/CheckFunctionExists.c.o -o cmTC_60f38 



Determining if the function getrusage exists passed with the following output:
Change Dir: /Users/phamtrung/Desktop/Code/Mpboot1/mpboot/CMakeFiles/CMakeScratch/TryCompile-o6bJZ2

Run Build Command(s):/usr/bin/make -f Makefile cmTC_86848/fast && /Library/Developer/CommandLineTools/usr/bin/make  -f CMakeFiles/cmTC_86848.dir/build.make CMakeFiles/cmTC_86848.dir/build
Building C object CMakeFiles/cmTC_86848.dir/CheckFunctionExists.c.o
/usr/bin/clang   -msse4.1 -DCHECK_FUNCTION_EXISTS=getrusage -arch x86_64 -isysroot /Library/Developer/CommandLineTools/SDKs/MacOSX13.1.sdk -mmacosx-version-min=13.0 -MD -MT CMakeFiles/cmTC_86848.dir/CheckFunctionExists.c.o -MF CMakeFiles/cmTC_86848.dir/CheckFunctionExists.c.o.d -o CMakeFiles/cmTC_86848.dir/CheckFunctionExists.c.o -c /Users/phamtrung/Desktop/Code/Mpboot1/mpboot/CMakeFiles/CMakeScratch/TryCompile-o6bJZ2/CheckFunctionExists.c
Linking C executable cmTC_86848
/opt/homebrew/Cellar/cmake/3.25.1/bin/cmake -E cmake_link_script CMakeFiles/cmTC_86848.dir/link.txt --verbose=1
/usr/bin/clang   -msse4.1 -DCHECK_FUNCTION_EXISTS=getrusage -arch x86_64 -isysroot /Library/Developer/CommandLineTools/SDKs/MacOSX13.1.sdk -mmacosx-version-min=13.0 -Wl,-search_paths_first -Wl,-headerpad_max_install_names CMakeFiles/cmTC_86848.dir/CheckFunctionExists.c.o -o cmTC_86848 



Determining if the include file sys/types.h exists passed with the following output:
Change Dir: /Users/phamtrung/Desktop/Code/Mpboot1/mpboot/CMakeFiles/CMakeScratch/TryCompile-MKd4an

Run Build Command(s):/usr/bin/make -f Makefile cmTC_01ab3/fast && /Library/Developer/CommandLineTools/usr/bin/make  -f CMakeFiles/cmTC_01ab3.dir/build.make CMakeFiles/cmTC_01ab3.dir/build
Building C object CMakeFiles/cmTC_01ab3.dir/CheckIncludeFile.c.o
/usr/bin/clang   -msse4.1  -arch x86_64 -isysroot /Library/Developer/CommandLineTools/SDKs/MacOSX13.1.sdk -mmacosx-version-min=13.0 -MD -MT CMakeFiles/cmTC_01ab3.dir/CheckIncludeFile.c.o -MF CMakeFiles/cmTC_01ab3.dir/CheckIncludeFile.c.o.d -o CMakeFiles/cmTC_01ab3.dir/CheckIncludeFile.c.o -c /Users/phamtrung/Desktop/Code/Mpboot1/mpboot/CMakeFiles/CMakeScratch/TryCompile-MKd4an/CheckIncludeFile.c
Linking C executable cmTC_01ab3
/opt/homebrew/Cellar/cmake/3.25.1/bin/cmake -E cmake_link_script CMakeFiles/cmTC_01ab3.dir/link.txt --verbose=1
/usr/bin/clang   -msse4.1  -arch x86_64 -isysroot /Library/Developer/CommandLineTools/SDKs/MacOSX13.1.sdk -mmacosx-version-min=13.0 -Wl,-search_paths_first -Wl,-headerpad_max_install_names CMakeFiles/cmTC_01ab3.dir/CheckIncludeFile.c.o -o cmTC_01ab3 



Determining if the include file stdint.h exists passed with the following output:
Change Dir: /Users/phamtrung/Desktop/Code/Mpboot1/mpboot/CMakeFiles/CMakeScratch/TryCompile-lX4ITG

Run Build Command(s):/usr/bin/make -f Makefile cmTC_88a47/fast && /Library/Developer/CommandLineTools/usr/bin/make  -f CMakeFiles/cmTC_88a47.dir/build.make CMakeFiles/cmTC_88a47.dir/build
Building C object CMakeFiles/cmTC_88a47.dir/CheckIncludeFile.c.o
/usr/bin/clang   -msse4.1  -arch x86_64 -isysroot /Library/Developer/CommandLineTools/SDKs/MacOSX13.1.sdk -mmacosx-version-min=13.0 -MD -MT CMakeFiles/cmTC_88a47.dir/CheckIncludeFile.c.o -MF CMakeFiles/cmTC_88a47.dir/CheckIncludeFile.c.o.d -o CMakeFiles/cmTC_88a47.dir/CheckIncludeFile.c.o -c /Users/phamtrung/Desktop/Code/Mpboot1/mpboot/CMakeFiles/CMakeScratch/TryCompile-lX4ITG/CheckIncludeFile.c
Linking C executable cmTC_88a47
/opt/homebrew/Cellar/cmake/3.25.1/bin/cmake -E cmake_link_script CMakeFiles/cmTC_88a47.dir/link.txt --verbose=1
/usr/bin/clang   -msse4.1  -arch x86_64 -isysroot /Library/Developer/CommandLineTools/SDKs/MacOSX13.1.sdk -mmacosx-version-min=13.0 -Wl,-search_paths_first -Wl,-headerpad_max_install_names CMakeFiles/cmTC_88a47.dir/CheckIncludeFile.c.o -o cmTC_88a47 



Determining if the include file stddef.h exists passed with the following output:
Change Dir: /Users/phamtrung/Desktop/Code/Mpboot1/mpboot/CMakeFiles/CMakeScratch/TryCompile-A9sefX

Run Build Command(s):/usr/bin/make -f Makefile cmTC_426df/fast && /Library/Developer/CommandLineTools/usr/bin/make  -f CMakeFiles/cmTC_426df.dir/build.make CMakeFiles/cmTC_426df.dir/build
Building C object CMakeFiles/cmTC_426df.dir/CheckIncludeFile.c.o
/usr/bin/clang   -msse4.1  -arch x86_64 -isysroot /Library/Developer/CommandLineTools/SDKs/MacOSX13.1.sdk -mmacosx-version-min=13.0 -MD -MT CMakeFiles/cmTC_426df.dir/CheckIncludeFile.c.o -MF CMakeFiles/cmTC_426df.dir/CheckIncludeFile.c.o.d -o CMakeFiles/cmTC_426df.dir/CheckIncludeFile.c.o -c /Users/phamtrung/Desktop/Code/Mpboot1/mpboot/CMakeFiles/CMakeScratch/TryCompile-A9sefX/CheckIncludeFile.c
Linking C executable cmTC_426df
/opt/homebrew/Cellar/cmake/3.25.1/bin/cmake -E cmake_link_script CMakeFiles/cmTC_426df.dir/link.txt --verbose=1
/usr/bin/clang   -msse4.1  -arch x86_64 -isysroot /Library/Developer/CommandLineTools/SDKs/MacOSX13.1.sdk -mmacosx-version-min=13.0 -Wl,-search_paths_first -Wl,-headerpad_max_install_names CMakeFiles/cmTC_426df.dir/CheckIncludeFile.c.o -o cmTC_426df 



Determining if the function fseeko exists passed with the following output:
Change Dir: /Users/phamtrung/Desktop/Code/Mpboot1/mpboot/CMakeFiles/CMakeScratch/TryCompile-vFXUo8

Run Build Command(s):/usr/bin/make -f Makefile cmTC_e8c9d/fast && /Library/Developer/CommandLineTools/usr/bin/make  -f CMakeFiles/cmTC_e8c9d.dir/build.make CMakeFiles/cmTC_e8c9d.dir/build
Building C object CMakeFiles/cmTC_e8c9d.dir/CheckFunctionExists.c.o
/usr/bin/clang   -msse4.1 -DCHECK_FUNCTION_EXISTS=fseeko -arch x86_64 -isysroot /Library/Developer/CommandLineTools/SDKs/MacOSX13.1.sdk -mmacosx-version-min=13.0 -MD -MT CMakeFiles/cmTC_e8c9d.dir/CheckFunctionExists.c.o -MF CMakeFiles/cmTC_e8c9d.dir/CheckFunctionExists.c.o.d -o CMakeFiles/cmTC_e8c9d.dir/CheckFunctionExists.c.o -c /Users/phamtrung/Desktop/Code/Mpboot1/mpboot/CMakeFiles/CMakeScratch/TryCompile-vFXUo8/CheckFunctionExists.c
Linking C executable cmTC_e8c9d
/opt/homebrew/Cellar/cmake/3.25.1/bin/cmake -E cmake_link_script CMakeFiles/cmTC_e8c9d.dir/link.txt --verbose=1
/usr/bin/clang   -msse4.1 -DCHECK_FUNCTION_EXISTS=fseeko -arch x86_64 -isysroot /Library/Developer/CommandLineTools/SDKs/MacOSX13.1.sdk -mmacosx-version-min=13.0 -Wl,-search_paths_first -Wl,-headerpad_max_install_names CMakeFiles/cmTC_e8c9d.dir/CheckFunctionExists.c.o -o cmTC_e8c9d 



Determining if the include file unistd.h exists passed with the following output:
Change Dir: /Users/phamtrung/Desktop/Code/Mpboot1/mpboot/CMakeFiles/CMakeScratch/TryCompile-W1W534

Run Build Command(s):/usr/bin/make -f Makefile cmTC_fbf29/fast && /Library/Developer/CommandLineTools/usr/bin/make  -f CMakeFiles/cmTC_fbf29.dir/build.make CMakeFiles/cmTC_fbf29.dir/build
Building C object CMakeFiles/cmTC_fbf29.dir/CheckIncludeFile.c.o
/usr/bin/clang   -msse4.1  -arch x86_64 -isysroot /Library/Developer/CommandLineTools/SDKs/MacOSX13.1.sdk -mmacosx-version-min=13.0 -MD -MT CMakeFiles/cmTC_fbf29.dir/CheckIncludeFile.c.o -MF CMakeFiles/cmTC_fbf29.dir/CheckIncludeFile.c.o.d -o CMakeFiles/cmTC_fbf29.dir/CheckIncludeFile.c.o -c /Users/phamtrung/Desktop/Code/Mpboot1/mpboot/CMakeFiles/CMakeScratch/TryCompile-W1W534/CheckIncludeFile.c
Linking C executable cmTC_fbf29
/opt/homebrew/Cellar/cmake/3.25.1/bin/cmake -E cmake_link_script CMakeFiles/cmTC_fbf29.dir/link.txt --verbose=1
/usr/bin/clang   -msse4.1  -arch x86_64 -isysroot /Library/Developer/CommandLineTools/SDKs/MacOSX13.1.sdk -mmacosx-version-min=13.0 -Wl,-search_paths_first -Wl,-headerpad_max_install_names CMakeFiles/cmTC_fbf29.dir/CheckIncludeFile.c.o -o cmTC_fbf29 



