Determining if the function GlobalMemoryStatusEx exists failed with the following output:
Change Dir: /Users/phamtrung/Desktop/Code/Mpboot1/mpboot/CMakeFiles/CMakeScratch/TryCompile-0scozO

Run Build Command(s):/usr/bin/make -f Makefile cmTC_0481d/fast && /Library/Developer/CommandLineTools/usr/bin/make  -f CMakeFiles/cmTC_0481d.dir/build.make CMakeFiles/cmTC_0481d.dir/build
Building C object CMakeFiles/cmTC_0481d.dir/CheckFunctionExists.c.o
/usr/bin/clang   -msse4.1 -DCHECK_FUNCTION_EXISTS=GlobalMemoryStatusEx -arch x86_64 -isysroot /Library/Developer/CommandLineTools/SDKs/MacOSX13.1.sdk -mmacosx-version-min=13.0 -MD -MT CMakeFiles/cmTC_0481d.dir/CheckFunctionExists.c.o -MF CMakeFiles/cmTC_0481d.dir/CheckFunctionExists.c.o.d -o CMakeFiles/cmTC_0481d.dir/CheckFunctionExists.c.o -c /Users/phamtrung/Desktop/Code/Mpboot1/mpboot/CMakeFiles/CMakeScratch/TryCompile-0scozO/CheckFunctionExists.c
Linking C executable cmTC_0481d
/opt/homebrew/Cellar/cmake/3.25.1/bin/cmake -E cmake_link_script CMakeFiles/cmTC_0481d.dir/link.txt --verbose=1
/usr/bin/clang   -msse4.1 -DCHECK_FUNCTION_EXISTS=GlobalMemoryStatusEx -arch x86_64 -isysroot /Library/Developer/CommandLineTools/SDKs/MacOSX13.1.sdk -mmacosx-version-min=13.0 -Wl,-search_paths_first -Wl,-headerpad_max_install_names CMakeFiles/cmTC_0481d.dir/CheckFunctionExists.c.o -o cmTC_0481d 
Undefined symbols for architecture x86_64:
  "_GlobalMemoryStatusEx", referenced from:
      _main in CheckFunctionExists.c.o
ld: symbol(s) not found for architecture x86_64
clang: error: linker command failed with exit code 1 (use -v to see invocation)
make[1]: *** [cmTC_0481d] Error 1
make: *** [cmTC_0481d/fast] Error 2



Determining size of off64_t failed with the following output:
Change Dir: /Users/phamtrung/Desktop/Code/Mpboot1/mpboot/CMakeFiles/CMakeScratch/TryCompile-JVOOGd

Run Build Command(s):/usr/bin/make -f Makefile cmTC_0487a/fast && /Library/Developer/CommandLineTools/usr/bin/make  -f CMakeFiles/cmTC_0487a.dir/build.make CMakeFiles/cmTC_0487a.dir/build
Building C object CMakeFiles/cmTC_0487a.dir/OFF64_T.c.o
/usr/bin/clang -DHAVE_STDDEF_H -DHAVE_STDINT_H -DHAVE_SYS_TYPES_H -D_LARGEFILE64_SOURCE=1  -msse4.1  -arch x86_64 -isysroot /Library/Developer/CommandLineTools/SDKs/MacOSX13.1.sdk -mmacosx-version-min=13.0 -MD -MT CMakeFiles/cmTC_0487a.dir/OFF64_T.c.o -MF CMakeFiles/cmTC_0487a.dir/OFF64_T.c.o.d -o CMakeFiles/cmTC_0487a.dir/OFF64_T.c.o -c /Users/phamtrung/Desktop/Code/Mpboot1/mpboot/CMakeFiles/CMakeScratch/TryCompile-JVOOGd/OFF64_T.c
/Users/phamtrung/Desktop/Code/Mpboot1/mpboot/CMakeFiles/CMakeScratch/TryCompile-JVOOGd/OFF64_T.c:29:12: error: use of undeclared identifier 'off64_t'
  ('0' + ((SIZE / 10000)%10)),
           ^
/Users/phamtrung/Desktop/Code/Mpboot1/mpboot/CMakeFiles/CMakeScratch/TryCompile-JVOOGd/OFF64_T.c:27:22: note: expanded from macro 'SIZE'
#define SIZE (sizeof(off64_t))
                     ^
/Users/phamtrung/Desktop/Code/Mpboot1/mpboot/CMakeFiles/CMakeScratch/TryCompile-JVOOGd/OFF64_T.c:30:12: error: use of undeclared identifier 'off64_t'
  ('0' + ((SIZE / 1000)%10)),
           ^
/Users/phamtrung/Desktop/Code/Mpboot1/mpboot/CMakeFiles/CMakeScratch/TryCompile-JVOOGd/OFF64_T.c:27:22: note: expanded from macro 'SIZE'
#define SIZE (sizeof(off64_t))
                     ^
/Users/phamtrung/Desktop/Code/Mpboot1/mpboot/CMakeFiles/CMakeScratch/TryCompile-JVOOGd/OFF64_T.c:31:12: error: use of undeclared identifier 'off64_t'
  ('0' + ((SIZE / 100)%10)),
           ^
/Users/phamtrung/Desktop/Code/Mpboot1/mpboot/CMakeFiles/CMakeScratch/TryCompile-JVOOGd/OFF64_T.c:27:22: note: expanded from macro 'SIZE'
#define SIZE (sizeof(off64_t))
                     ^
/Users/phamtrung/Desktop/Code/Mpboot1/mpboot/CMakeFiles/CMakeScratch/TryCompile-JVOOGd/OFF64_T.c:32:12: error: use of undeclared identifier 'off64_t'
  ('0' + ((SIZE / 10)%10)),
           ^
/Users/phamtrung/Desktop/Code/Mpboot1/mpboot/CMakeFiles/CMakeScratch/TryCompile-JVOOGd/OFF64_T.c:27:22: note: expanded from macro 'SIZE'
#define SIZE (sizeof(off64_t))
                     ^
/Users/phamtrung/Desktop/Code/Mpboot1/mpboot/CMakeFiles/CMakeScratch/TryCompile-JVOOGd/OFF64_T.c:33:12: error: use of undeclared identifier 'off64_t'
  ('0' +  (SIZE    % 10)),
           ^
/Users/phamtrung/Desktop/Code/Mpboot1/mpboot/CMakeFiles/CMakeScratch/TryCompile-JVOOGd/OFF64_T.c:27:22: note: expanded from macro 'SIZE'
#define SIZE (sizeof(off64_t))
                     ^
5 errors generated.
make[1]: *** [CMakeFiles/cmTC_0487a.dir/OFF64_T.c.o] Error 1
make: *** [cmTC_0487a/fast] Error 2


OFF64_T.c:
#include <sys/types.h>
#include <stdint.h>
#include <stddef.h>


#undef KEY
#if defined(__i386)
# define KEY '_','_','i','3','8','6'
#elif defined(__x86_64)
# define KEY '_','_','x','8','6','_','6','4'
#elif defined(__PPC64__)
# define KEY '_','_','P','P','C','6','4','_','_'
#elif defined(__ppc64__)
# define KEY '_','_','p','p','c','6','4','_','_'
#elif defined(__PPC__)
# define KEY '_','_','P','P','C','_','_'
#elif defined(__ppc__)
# define KEY '_','_','p','p','c','_','_'
#elif defined(__aarch64__)
# define KEY '_','_','a','a','r','c','h','6','4','_','_'
#elif defined(__ARM_ARCH_7A__)
# define KEY '_','_','A','R','M','_','A','R','C','H','_','7','A','_','_'
#elif defined(__ARM_ARCH_7S__)
# define KEY '_','_','A','R','M','_','A','R','C','H','_','7','S','_','_'
#endif

#define SIZE (sizeof(off64_t))
static char info_size[] =  {'I', 'N', 'F', 'O', ':', 's','i','z','e','[',
  ('0' + ((SIZE / 10000)%10)),
  ('0' + ((SIZE / 1000)%10)),
  ('0' + ((SIZE / 100)%10)),
  ('0' + ((SIZE / 10)%10)),
  ('0' +  (SIZE    % 10)),
  ']',
#ifdef KEY
  ' ','k','e','y','[', KEY, ']',
#endif
  '\0'};

#ifdef __CLASSIC_C__
int main(argc, argv) int argc; char *argv[];
#else
int main(int argc, char *argv[])
#endif
{
  int require = 0;
  require += info_size[argc];
  (void)argv;
  return require;
}


